<?xml version="1.0" encoding="UTF-8"?>
<testng-results ignored="0" total="0" passed="0" failed="0" skipped="0">
  <reporter-output>
  </reporter-output>
  <suite started-at="2021-03-11T12:51:18 GMT" name="Converted JUnit suite" finished-at="2021-03-11T12:51:37 GMT" duration-ms="18730">
    <groups>
    </groups>
    <test started-at="2021-03-11T12:51:18 GMT" name="JUnitTests" finished-at="2021-03-11T12:51:37 GMT" duration-ms="18730">
    </test> <!-- JUnitTests -->
  </suite> <!-- Converted JUnit suite -->
</testng-results>
