<?xml version="1.0" encoding="UTF-8" ?>
<testsuite tests="1" failures="1" name="com.qa.test.TestRunners.TestRunner" time="15.759" errors="0" skipped="0">
  <properties>
[...]
</properties>
  <testcase classname="Create an Account for Automation Practice Application" name="Verify that user is able to add an item to the cart" time="15.759">
    <failure message="expected:&lt;[Product successfully added to your shopping cart]&gt; but was:&lt;[]&gt;" type="org.junit.ComparisonFailure">org.junit.ComparisonFailure: expected:&lt;[Product successfully added to your shopping cart]&gt; but was:&lt;[]&gt;
	at org.junit.Assert.assertEquals(Assert.java:117)
	at org.junit.Assert.assertEquals(Assert.java:146)
	at com.qa.web.componenthelper.AssertHelper.areEqual(AssertHelper.java:6)
	at com.qa.test.stepdefs.RegistrationStepTest.the_item_should_be_successfully_added(RegistrationStepTest.java:110)
	at ✽.the item should be successfully added(file:///C:/Users/User/OneDrive/CodingWebAutomation/src/test/java/com/qa/test/featurefile/RegistrationFeature.feature:23)
</failure>
    <system-out>2021-03-11 18:47:53 INFO  BaseClass:30 -  Using Chrome Options 
2021-03-11 18:47:55 INFO  BaseClass:59 -  Using Chrome Driver  
</system-out>
    <system-err>SLF4J: Failed to load class &quot;org.slf4j.impl.StaticLoggerBinder&quot;.
SLF4J: Defaulting to no-operation (NOP) logger implementation
SLF4J: See http://www.slf4j.org/codes.html#StaticLoggerBinder for further details.
Starting ChromeDriver 89.0.4389.23 (61b08ee2c50024bab004e48d2b1b083cdbdac579-refs/branch-heads/4389@{#294}) on port 36404
Only local connections are allowed.
Please see https://chromedriver.chromium.org/security-considerations for suggestions on keeping ChromeDriver safe.
ChromeDriver was started successfully.
Mar 11, 2021 6:47:54 PM org.openqa.selenium.remote.ProtocolHandshake createSession
INFO: Detected dialect: W3C
</system-err>
  </testcase>
</testsuite>